# JRE version: Java(TM) SE Runtime Environment (17.0.10+11) (build 17.0.10+11-LTS-240)
# Java VM: Java HotSpot(TM) 64-Bit Server VM (17.0.10+11-LTS-240, mixed mode, sharing, tiered, compressed oops, compressed class ptrs, g1 gc, windows-amd64)
GC Precious Log:
 CPUs: 16 total, 16 available
 Memory: 16088M
 Large Page Support: Disabled
 NUMA Support: Disabled
 Compressed Oops: Enabled (32-bit)
 Heap Region Size: 1M
 Heap Min Capacity: 8M
 Heap Initial Capacity: 252M
 Heap Max Capacity: 2G
 Pre-touch: Disabled
 Parallel Workers: 13
 Concurrent Workers: 3
 Concurrent Refinement Workers: 13
 Periodic GC: Disabled
Heap:
 garbage-first heap   total 111616K, used 58012K [0x0000000080000000, 0x0000000100000000)
  region size 1024K, 1 young (1024K), 1 survivors (1024K)
 Metaspace       used 65398K, committed 65984K, reserved 1114112K
  class space    used 9071K, committed 9344K, reserved 1048576K
GC Heap History (20 events):
Event: 6.495 GC heap after
{Heap after GC invocations=10 (full 0):
 garbage-first heap   total 89088K, used 33154K [0x0000000080000000, 0x0000000100000000)
  region size 1024K, 4 young (4096K), 4 survivors (4096K)
 Metaspace       used 35552K, committed 35968K, reserved 1114112K
  class space    used 5031K, committed 5248K, reserved 1048576K
}
Event: 7.044 GC heap before
{Heap before GC invocations=11 (full 0):
 garbage-first heap   total 89088K, used 74114K [0x0000000080000000, 0x0000000100000000)
  region size 1024K, 39 young (39936K), 4 survivors (4096K)
 Metaspace       used 41118K, committed 41536K, reserved 1114112K
  class space    used 5650K, committed 5824K, reserved 1048576K
}
Event: 7.048 GC heap after
{Heap after GC invocations=12 (full 0):
 garbage-first heap   total 89088K, used 37040K [0x0000000080000000, 0x0000000100000000)
  region size 1024K, 5 young (5120K), 5 survivors (5120K)
 Metaspace       used 41118K, committed 41536K, reserved 1114112K
  class space    used 5650K, committed 5824K, reserved 1048576K
}
Event: 7.212 GC heap before
{Heap before GC invocations=12 (full 0):
 garbage-first heap   total 89088K, used 69808K [0x0000000080000000, 0x0000000100000000)
  region size 1024K, 36 young (36864K), 5 survivors (5120K)
 Metaspace       used 43142K, committed 43648K, reserved 1114112K
  class space    used 5850K, committed 6080K, reserved 1048576K
}
Event: 7.215 GC heap after
{Heap after GC invocations=13 (full 0):
 garbage-first heap   total 89088K, used 37919K [0x0000000080000000, 0x0000000100000000)
  region size 1024K, 1 young (1024K), 1 survivors (1024K)
 Metaspace       used 43142K, committed 43648K, reserved 1114112K
  class space    used 5850K, committed 6080K, reserved 1048576K
}
Event: 7.527 GC heap before
{Heap before GC invocations=13 (full 0):
 garbage-first heap   total 89088K, used 70687K [0x0000000080000000, 0x0000000100000000)
  region size 1024K, 33 young (33792K), 1 survivors (1024K)
 Metaspace       used 47727K, committed 48256K, reserved 1114112K
  class space    used 6863K, committed 7104K, reserved 1048576K
}
Event: 7.528 GC heap after
{Heap after GC invocations=14 (full 0):
 garbage-first heap   total 107520K, used 39052K [0x0000000080000000, 0x0000000100000000)
  region size 1024K, 3 young (3072K), 3 survivors (3072K)
 Metaspace       used 47727K, committed 48256K, reserved 1114112K
  class space    used 6863K, committed 7104K, reserved 1048576K
}
Event: 7.854 GC heap before
{Heap before GC invocations=14 (full 0):
 garbage-first heap   total 107520K, used 84108K [0x0000000080000000, 0x0000000100000000)
  region size 1024K, 47 young (48128K), 3 survivors (3072K)
 Metaspace       used 53193K, committed 53696K, reserved 1114112K
  class space    used 7586K, committed 7808K, reserved 1048576K
}
Event: 7.856 GC heap after
{Heap after GC invocations=15 (full 0):
 garbage-first heap   total 107520K, used 40070K [0x0000000080000000, 0x0000000100000000)
  region size 1024K, 4 young (4096K), 4 survivors (4096K)
 Metaspace       used 53193K, committed 53696K, reserved 1114112K
  class space    used 7586K, committed 7808K, reserved 1048576K
}
Event: 8.257 GC heap before
{Heap before GC invocations=15 (full 0):
 garbage-first heap   total 107520K, used 86150K [0x0000000080000000, 0x0000000100000000)
  region size 1024K, 49 young (50176K), 4 survivors (4096K)
 Metaspace       used 59461K, committed 60032K, reserved 1114112K
  class space    used 8356K, committed 8640K, reserved 1048576K
}
Event: 8.260 GC heap after
{Heap after GC invocations=16 (full 0):
 garbage-first heap   total 107520K, used 41364K [0x0000000080000000, 0x0000000100000000)
  region size 1024K, 5 young (5120K), 5 survivors (5120K)
 Metaspace       used 59461K, committed 60032K, reserved 1114112K
  class space    used 8356K, committed 8640K, reserved 1048576K
}
Event: 8.274 GC heap before
{Heap before GC invocations=16 (full 0):
 garbage-first heap   total 107520K, used 42388K [0x0000000080000000, 0x0000000100000000)
  region size 1024K, 7 young (7168K), 5 survivors (5120K)
 Metaspace       used 59577K, committed 60096K, reserved 1114112K
  class space    used 8375K, committed 8640K, reserved 1048576K
}
Event: 8.276 GC heap after
{Heap after GC invocations=17 (full 0):
 garbage-first heap   total 107520K, used 41375K [0x0000000080000000, 0x0000000100000000)
  region size 1024K, 3 young (3072K), 3 survivors (3072K)
 Metaspace       used 59577K, committed 60096K, reserved 1114112K
  class space    used 8375K, committed 8640K, reserved 1048576K
}
Event: 8.623 GC heap before
{Heap before GC invocations=18 (full 0):
 garbage-first heap   total 107520K, used 94623K [0x0000000080000000, 0x0000000100000000)
  region size 1024K, 49 young (50176K), 3 survivors (3072K)
 Metaspace       used 62228K, committed 62848K, reserved 1114112K
  class space    used 8686K, committed 8960K, reserved 1048576K
}
Event: 8.629 GC heap after
{Heap after GC invocations=19 (full 0):
 garbage-first heap   total 109568K, used 57929K [0x0000000080000000, 0x0000000100000000)
  region size 1024K, 7 young (7168K), 7 survivors (7168K)
 Metaspace       used 62228K, committed 62848K, reserved 1114112K
  class space    used 8686K, committed 8960K, reserved 1048576K
}
Event: 8.638 GC heap before
{Heap before GC invocations=19 (full 0):
 garbage-first heap   total 109568K, used 58953K [0x0000000080000000, 0x0000000100000000)
  region size 1024K, 9 young (9216K), 7 survivors (7168K)
 Metaspace       used 62228K, committed 62848K, reserved 1114112K
  class space    used 8686K, committed 8960K, reserved 1048576K
}
Event: 8.642 GC heap after
{Heap after GC invocations=20 (full 0):
 garbage-first heap   total 109568K, used 60499K [0x0000000080000000, 0x0000000100000000)
  region size 1024K, 3 young (3072K), 3 survivors (3072K)
 Metaspace       used 62228K, committed 62848K, reserved 1114112K
  class space    used 8686K, committed 8960K, reserved 1048576K
}
Event: 8.822 GC heap before
{Heap before GC invocations=21 (full 0):
 garbage-first heap   total 111616K, used 74835K [0x0000000080000000, 0x0000000100000000)
  region size 1024K, 17 young (17408K), 3 survivors (3072K)
 Metaspace       used 62794K, committed 63360K, reserved 1114112K
  class space    used 8771K, committed 9024K, reserved 1048576K
}
Event: 8.825 GC heap after
{Heap after GC invocations=22 (full 0):
 garbage-first heap   total 111616K, used 57212K [0x0000000080000000, 0x0000000100000000)
  region size 1024K, 3 young (3072K), 3 survivors (3072K)
 Metaspace       used 62794K, committed 63360K, reserved 1114112K
  class space    used 8771K, committed 9024K, reserved 1048576K
}
Event: 9.013 GC heap before
{Heap before GC invocations=22 (full 0):
 garbage-first heap   total 111616K, used 75644K [0x0000000080000000, 0x0000000100000000)
  region size 1024K, 21 young (21504K), 3 survivors (3072K)
 Metaspace       used 65398K, committed 65984K, reserved 1114112K
  class space    used 9071K, committed 9344K, reserved 1048576K
}

