# JRE version: Java(TM) SE Runtime Environment (17.0.10+11) (build 17.0.10+11-LTS-240)
# Java VM: Java HotSpot(TM) 64-Bit Server VM (17.0.10+11-LTS-240, mixed mode, sharing, tiered, compressed oops, compressed class ptrs, g1 gc, windows-amd64)
GC Precious Log:
 CPUs: 16 total, 16 available
 Memory: 16088M
 Large Page Support: Disabled
 NUMA Support: Disabled
 Compressed Oops: Enabled (32-bit)
 Heap Region Size: 1M
 Heap Min Capacity: 8M
 Heap Initial Capacity: 252M
 Heap Max Capacity: 2G
 Pre-touch: Disabled
 Parallel Workers: 13
 Concurrent Workers: 3
 Concurrent Refinement Workers: 13
 Periodic GC: Disabled
Heap:
 garbage-first heap   total 158720K, used 93909K [0x0000000080000000, 0x0000000100000000)
  region size 1024K, 2 young (2048K), 2 survivors (2048K)
 Metaspace       used 100647K, committed 101376K, reserved 1179648K
  class space    used 12878K, committed 13248K, reserved 1048576K
GC Heap History (20 events):
Event: 14.079 GC heap after
{Heap after GC invocations=23 (full 0):
 garbage-first heap   total 147456K, used 78717K [0x0000000080000000, 0x0000000100000000)
  region size 1024K, 4 young (4096K), 4 survivors (4096K)
 Metaspace       used 73571K, committed 74176K, reserved 1114112K
  class space    used 9830K, committed 10112K, reserved 1048576K
}
Event: 14.599 GC heap before
{Heap before GC invocations=23 (full 0):
 garbage-first heap   total 147456K, used 120701K [0x0000000080000000, 0x0000000100000000)
  region size 1024K, 45 young (46080K), 4 survivors (4096K)
 Metaspace       used 78457K, committed 79104K, reserved 1179648K
  class space    used 10413K, committed 10688K, reserved 1048576K
}
Event: 14.602 GC heap after
{Heap after GC invocations=24 (full 0):
 garbage-first heap   total 147456K, used 81416K [0x0000000080000000, 0x0000000100000000)
  region size 1024K, 3 young (3072K), 3 survivors (3072K)
 Metaspace       used 78457K, committed 79104K, reserved 1179648K
  class space    used 10413K, committed 10688K, reserved 1048576K
}
Event: 15.029 GC heap before
{Heap before GC invocations=25 (full 0):
 garbage-first heap   total 147456K, used 121352K [0x0000000080000000, 0x0000000100000000)
  region size 1024K, 42 young (43008K), 3 survivors (3072K)
 Metaspace       used 82554K, committed 83264K, reserved 1179648K
  class space    used 10963K, committed 11328K, reserved 1048576K
}
Event: 15.032 GC heap after
{Heap after GC invocations=26 (full 0):
 garbage-first heap   total 147456K, used 83968K [0x0000000080000000, 0x0000000100000000)
  region size 1024K, 6 young (6144K), 6 survivors (6144K)
 Metaspace       used 82554K, committed 83264K, reserved 1179648K
  class space    used 10963K, committed 11328K, reserved 1048576K
}
Event: 15.033 GC heap before
{Heap before GC invocations=26 (full 0):
 garbage-first heap   total 147456K, used 84992K [0x0000000080000000, 0x0000000100000000)
  region size 1024K, 7 young (7168K), 6 survivors (6144K)
 Metaspace       used 82564K, committed 83264K, reserved 1179648K
  class space    used 10963K, committed 11328K, reserved 1048576K
}
Event: 15.035 GC heap after
{Heap after GC invocations=27 (full 0):
 garbage-first heap   total 147456K, used 84497K [0x0000000080000000, 0x0000000100000000)
  region size 1024K, 1 young (1024K), 1 survivors (1024K)
 Metaspace       used 82564K, committed 83264K, reserved 1179648K
  class space    used 10963K, committed 11328K, reserved 1048576K
}
Event: 16.275 GC heap before
{Heap before GC invocations=27 (full 0):
 garbage-first heap   total 147456K, used 122385K [0x0000000080000000, 0x0000000100000000)
  region size 1024K, 38 young (38912K), 1 survivors (1024K)
 Metaspace       used 84819K, committed 85568K, reserved 1179648K
  class space    used 11212K, committed 11584K, reserved 1048576K
}
Event: 16.283 GC heap after
{Heap after GC invocations=28 (full 0):
 garbage-first heap   total 147456K, used 87997K [0x0000000080000000, 0x0000000100000000)
  region size 1024K, 5 young (5120K), 5 survivors (5120K)
 Metaspace       used 84819K, committed 85568K, reserved 1179648K
  class space    used 11212K, committed 11584K, reserved 1048576K
}
Event: 17.254 GC heap before
{Heap before GC invocations=29 (full 0):
 garbage-first heap   total 152576K, used 122813K [0x0000000080000000, 0x0000000100000000)
  region size 1024K, 39 young (39936K), 5 survivors (5120K)
 Metaspace       used 86314K, committed 86976K, reserved 1179648K
  class space    used 11365K, committed 11712K, reserved 1048576K
}
Event: 17.260 GC heap after
{Heap after GC invocations=30 (full 0):
 garbage-first heap   total 152576K, used 91641K [0x0000000080000000, 0x0000000100000000)
  region size 1024K, 4 young (4096K), 4 survivors (4096K)
 Metaspace       used 86314K, committed 86976K, reserved 1179648K
  class space    used 11365K, committed 11712K, reserved 1048576K
}
Event: 17.383 GC heap before
{Heap before GC invocations=30 (full 0):
 garbage-first heap   total 152576K, used 93689K [0x0000000080000000, 0x0000000100000000)
  region size 1024K, 7 young (7168K), 4 survivors (4096K)
 Metaspace       used 86573K, committed 87296K, reserved 1179648K
  class space    used 11401K, committed 11776K, reserved 1048576K
}
Event: 17.388 GC heap after
{Heap after GC invocations=31 (full 0):
 garbage-first heap   total 152576K, used 91177K [0x0000000080000000, 0x0000000100000000)
  region size 1024K, 1 young (1024K), 1 survivors (1024K)
 Metaspace       used 86573K, committed 87296K, reserved 1179648K
  class space    used 11401K, committed 11776K, reserved 1048576K
}
Event: 18.365 GC heap before
{Heap before GC invocations=31 (full 0):
 garbage-first heap   total 152576K, used 127017K [0x0000000080000000, 0x0000000100000000)
  region size 1024K, 36 young (36864K), 1 survivors (1024K)
 Metaspace       used 90626K, committed 91328K, reserved 1179648K
  class space    used 11855K, committed 12224K, reserved 1048576K
}
Event: 18.368 GC heap after
{Heap after GC invocations=32 (full 0):
 garbage-first heap   total 152576K, used 92771K [0x0000000080000000, 0x0000000100000000)
  region size 1024K, 3 young (3072K), 3 survivors (3072K)
 Metaspace       used 90626K, committed 91328K, reserved 1179648K
  class space    used 11855K, committed 12224K, reserved 1048576K
}
Event: 19.062 GC heap before
{Heap before GC invocations=33 (full 0):
 garbage-first heap   total 158720K, used 125539K [0x0000000080000000, 0x0000000100000000)
  region size 1024K, 36 young (36864K), 3 survivors (3072K)
 Metaspace       used 94551K, committed 95232K, reserved 1179648K
  class space    used 12316K, committed 12672K, reserved 1048576K
}
Event: 19.064 GC heap after
{Heap after GC invocations=34 (full 0):
 garbage-first heap   total 158720K, used 94608K [0x0000000080000000, 0x0000000100000000)
  region size 1024K, 5 young (5120K), 5 survivors (5120K)
 Metaspace       used 94551K, committed 95232K, reserved 1179648K
  class space    used 12316K, committed 12672K, reserved 1048576K
}
Event: 19.083 GC heap before
{Heap before GC invocations=34 (full 0):
 garbage-first heap   total 158720K, used 95632K [0x0000000080000000, 0x0000000100000000)
  region size 1024K, 7 young (7168K), 5 survivors (5120K)
 Metaspace       used 94748K, committed 95424K, reserved 1179648K
  class space    used 12349K, committed 12672K, reserved 1048576K
}
Event: 19.085 GC heap after
{Heap after GC invocations=35 (full 0):
 garbage-first heap   total 158720K, used 93262K [0x0000000080000000, 0x0000000100000000)
  region size 1024K, 1 young (1024K), 1 survivors (1024K)
 Metaspace       used 94748K, committed 95424K, reserved 1179648K
  class space    used 12349K, committed 12672K, reserved 1048576K
}
Event: 19.538 GC heap before
{Heap before GC invocations=35 (full 0):
 garbage-first heap   total 158720K, used 131150K [0x0000000080000000, 0x0000000100000000)
  region size 1024K, 38 young (38912K), 1 survivors (1024K)
 Metaspace       used 100647K, committed 101376K, reserved 1179648K
  class space    used 12878K, committed 13248K, reserved 1048576K
}

